  ___  ___  ___               _   _  ___   __   ___                 _
 / __|/ _ \| _ \_  _ _ __  __| | / |/ _ \ / /  | __|  _ __  ___  __| |by
| (_ | (_) |  _/ || | '_ \/ _` | | |\_, // _ \_|__ \ | '  \/ _ \/ _` |RUIN & Sylar76
 \___|\___/|_|  \_,_| .__/\__,_| |_(_)_(_)___(_)___/ |_|_|_\___/\__,_|IN2020
https://win-raid.com|_|THX to lordkag & Sylar76 
https://winraid.level1techs.com

[100322] v0.5.2
 - Fixed: AMD GOP 1.70.0.15.50 thx MeatWar

[093022] v0.5.1
 - Fixed: AMD GOP 2.18.0.17.10

[092822] v0.5.0
built on: GOPUpd_v1.9.6.5.k mod v0.4.9 v2
 - Added: AMDVBFlashDriverInstaller v1.1.0.0
 - Added: recompiled (VS 2022) GOPupd.exe|GOPupd.dat
	    python37.dll|VCRUNTIME140.dll (Python v3.7.14)
 - Removed: GOPupd.py
 - Updated: AtiFlash to v3.31
 - Updated: nvflash64 to v5.735.0
 
[040322] v0.4.9 v2
built: Sylar76
 - Added Pascal GP1xx 0x30013 GOP Table
 - Added Turing TU1zz 0x5001D GOP Table
 - Added Ampere GA1xx 0x60010 GOP Table

[231021] v0.4.9
built: pitdicker
 - Added GOP: AMD 1.70.0.15.50 (THX ssateneth)
 - Added GOP: AMD 2.18.0.17.10 (THX Sylar76)
 - Added GOP: NVidia Ampére GA1xx 0x6000F

[010621] v0.4.8
built: Sylar76
- New: NVidia Ampére GA1xx 0x6000D UEFI Gop Table

[290521] v0.4.7
built: Sylar76
- New: AMD VEGA UEFI Gop Table 2.17.1.17.10
- New: NVidia Turing TU1xx 0x5001A UEFI Gop Table

[290521] v0.4.6
built: Sylar76
- New: TU1xx 50018 UEFI Gop Table
- Fixed: AMD Vega 2.16.0.17.10 UEFI Gop Table script

[110421] v0.4.5
built: GOPUpd_v1.9.6.5.k
 - Added GOP: AMD 2.15.0.17.10 (THX Sylar76)

[121220] v0.4.4
built on: GOPUpd_v1.9.6.5.k
 - Added GOP: Fermi2 v0x10035 (THX Ludolf)
 - Added Python Edition
 - Updated: #AMD_ROM_Info.bat / amdvbflash.exe

[120720] v0.4.3
built on: GOPUpd_v1.9.6.5.k
 - Added GOP: AMD 2.14.0.17.10 (THX Sylar76)
 - Changed: cecho.exe to 64x bit
 - Updated: NVFlash to v5.667.0
 - Updated: Python library

[103020] v0.4.2 beta
built on: GOPUpd_v1.9.6.5.k
 - Updated: Ampere GOP to 0x60009

[093020] v0.4.1 beta
built on: GOPUpd_v1.9.6.5.k
 - Added GOP: AMD 2.13.0.0.0 (THX to clackersx & Sylar76)
 - Fixed: Fixed minor bugs
 - Updated: NVFlash to v5.660.0 64bit (THX to Sylar76)

[092820] v0.4 beta
built on: GOPUpd_v1.9.6.5.j
 - Added: NVIDIA Ampere Support (THX to Sylar76)
 - Changed: Compiler - Python v3.7.9
 - Changed: to 64bit engine
 - Updated: NVFlash to v5.620.0

[060220] v0.3
built on: GOPUpd_v1.9.6.5.h_mod_v0.2
 - Changed: #AMD_ROM_Info.bat to GopInfoX.exe
 - Changed: small code changes
 - Integration: python37.dll in GOPupd.dat
 - Removed: AtiFlash_mod.exe
 - Removed: VCRUNTIME140.dll

[052120] v0.2
 - Added: recompiled GOPupd.exe|GOPupd.dat
          python37.dll|VCRUNTIME140.dll (Python v3.7.7)
 - Changed: small code changes
 - Fixed: AtiFlash_mod.exe load error

[051620] v0.1
built on: GOPUpd_v1.9.6.5.g
 - Added: Support Python 3.8.x
 - Changed: small code changes
 - Changed: small text changes
 - Fixed: AMD 2.10.0.0.0 integration error
 - Removed: GOPupd.exe|GOPupd.zip
	    python36.dll|vcruntime140.dll
 - Replaced: cecho.exe recompiled
 - Updated: #GOP_Database TU1xx|AMD
 - Updated: AtiFlash_mod to v2.93
 - Updated: NVFlash to v5.590.0